<?xml version="1.0" encoding="UTF-8"?>
<testsuite xmlns:xsi="http://www.w3.org/2001/XMLSchema-instance" xsi:noNamespaceSchemaLocation="https://maven.apache.org/surefire/maven-surefire-plugin/xsd/surefire-test-report-3.0.xsd" version="3.0" name="TestCal" time="0.332" tests="8" errors="0" skipped="0" failures="0">
  <properties>
    <property name="java.specification.version" value="20"/>
    <property name="sun.jnu.encoding" value="UTF-8"/>
    <property name="java.class.path" value="/Users/amishraj/calculator/target/test-classes:/Users/amishraj/calculator/target/classes:/Users/amishraj/.m2/repository/junit/junit/4.13.2/junit-4.13.2.jar:/Users/amishraj/.m2/repository/org/hamcrest/hamcrest-core/1.3/hamcrest-core-1.3.jar:/Users/amishraj/.m2/repository/org/apache/logging/log4j/log4j-api/2.14.0/log4j-api-2.14.0.jar:/Users/amishraj/.m2/repository/org/apache/logging/log4j/log4j-core/2.14.0/log4j-core-2.14.0.jar:"/>
    <property name="java.vm.vendor" value="Homebrew"/>
    <property name="sun.arch.data.model" value="64"/>
    <property name="java.vendor.url" value="https://github.com/Homebrew/homebrew-core/issues"/>
    <property name="os.name" value="Mac OS X"/>
    <property name="java.vm.specification.version" value="20"/>
    <property name="sun.java.launcher" value="SUN_STANDARD"/>
    <property name="user.country" value="CH"/>
    <property name="sun.boot.library.path" value="/opt/homebrew/Cellar/openjdk/20/libexec/openjdk.jdk/Contents/Home/lib"/>
    <property name="sun.java.command" value="/Users/amishraj/calculator/target/surefire/surefirebooter-20230426003944443_3.jar /Users/amishraj/calculator/target/surefire 2023-04-26T00-39-44_377-jvmRun1 surefire-20230426003944443_1tmp surefire_0-20230426003944443_2tmp"/>
    <property name="http.nonProxyHosts" value="local|*.local|169.254/16|*.169.254/16"/>
    <property name="jdk.debug" value="release"/>
    <property name="surefire.test.class.path" value="/Users/amishraj/calculator/target/test-classes:/Users/amishraj/calculator/target/classes:/Users/amishraj/.m2/repository/junit/junit/4.13.2/junit-4.13.2.jar:/Users/amishraj/.m2/repository/org/hamcrest/hamcrest-core/1.3/hamcrest-core-1.3.jar:/Users/amishraj/.m2/repository/org/apache/logging/log4j/log4j-api/2.14.0/log4j-api-2.14.0.jar:/Users/amishraj/.m2/repository/org/apache/logging/log4j/log4j-core/2.14.0/log4j-core-2.14.0.jar:"/>
    <property name="sun.cpu.endian" value="little"/>
    <property name="user.home" value="/Users/amishraj"/>
    <property name="user.language" value="en"/>
    <property name="java.specification.vendor" value="Oracle Corporation"/>
    <property name="java.version.date" value="2023-03-21"/>
    <property name="java.home" value="/opt/homebrew/Cellar/openjdk/20/libexec/openjdk.jdk/Contents/Home"/>
    <property name="file.separator" value="/"/>
    <property name="basedir" value="/Users/amishraj/calculator"/>
    <property name="java.vm.compressedOopsMode" value="Zero based"/>
    <property name="line.separator" value="&#10;"/>
    <property name="java.vm.specification.vendor" value="Oracle Corporation"/>
    <property name="java.specification.name" value="Java Platform API Specification"/>
    <property name="apple.awt.application.name" value="ForkedBooter"/>
    <property name="surefire.real.class.path" value="/Users/amishraj/calculator/target/surefire/surefirebooter-20230426003944443_3.jar"/>
    <property name="sun.management.compiler" value="HotSpot 64-Bit Tiered Compilers"/>
    <property name="ftp.nonProxyHosts" value="local|*.local|169.254/16|*.169.254/16"/>
    <property name="java.runtime.version" value="20"/>
    <property name="user.name" value="amishraj"/>
    <property name="stdout.encoding" value="UTF-8"/>
    <property name="path.separator" value=":"/>
    <property name="os.version" value="12.3.1"/>
    <property name="java.runtime.name" value="OpenJDK Runtime Environment"/>
    <property name="file.encoding" value="UTF-8"/>
    <property name="java.vm.name" value="OpenJDK 64-Bit Server VM"/>
    <property name="java.vendor.version" value="Homebrew"/>
    <property name="localRepository" value="/Users/amishraj/.m2/repository"/>
    <property name="java.vendor.url.bug" value="https://github.com/Homebrew/homebrew-core/issues"/>
    <property name="java.io.tmpdir" value="/var/folders/p2/k71t2vzn04j1j212twnq84nc0000gn/T/"/>
    <property name="java.version" value="20"/>
    <property name="user.dir" value="/Users/amishraj/calculator"/>
    <property name="os.arch" value="aarch64"/>
    <property name="java.vm.specification.name" value="Java Virtual Machine Specification"/>
    <property name="native.encoding" value="UTF-8"/>
    <property name="java.library.path" value="/Users/amishraj/Library/Java/Extensions:/Library/Java/Extensions:/Network/Library/Java/Extensions:/System/Library/Java/Extensions:/usr/lib/java:."/>
    <property name="java.vm.info" value="mixed mode, sharing"/>
    <property name="stderr.encoding" value="UTF-8"/>
    <property name="java.vendor" value="Homebrew"/>
    <property name="java.vm.version" value="20"/>
    <property name="sun.io.unicode.encoding" value="UnicodeBig"/>
    <property name="socksNonProxyHosts" value="local|*.local|169.254/16|*.169.254/16"/>
    <property name="java.class.version" value="64.0"/>
  </properties>
  <testcase name="natural_log_true_positives" classname="TestCal" time="0.296">
    <system-out><![CDATA[
Starting test cases
Building natural logarithm true positive test cases
Ending test cases

]]></system-out>
  </testcase>
  <testcase name="square_root_false_positive" classname="TestCal" time="0">
    <system-out><![CDATA[
Starting test cases
Building square root false positive test cases
Ending test cases

]]></system-out>
  </testcase>
  <testcase name="square_root_true_positive" classname="TestCal" time="0.001">
    <system-out><![CDATA[
Starting test cases
Building square root true positive test cases
Ending test cases

]]></system-out>
  </testcase>
  <testcase name="factorial_true_positives" classname="TestCal" time="0">
    <system-out><![CDATA[
Starting test cases
Building factorial true positive test cases
Ending test cases

]]></system-out>
  </testcase>
  <testcase name="power_false_positives" classname="TestCal" time="0">
    <system-out><![CDATA[
Starting test cases
Building power false positive test cases
Ending test cases

]]></system-out>
  </testcase>
  <testcase name="natural_log_false_positives" classname="TestCal" time="0">
    <system-out><![CDATA[
Starting test cases
Building natural logarithm false positive test cases
Ending test cases

]]></system-out>
  </testcase>
  <testcase name="factorial_false_positives" classname="TestCal" time="0">
    <system-out><![CDATA[
Starting test cases
Building factorial false positive test cases
Ending test cases

]]></system-out>
  </testcase>
  <testcase name="power_true_positives" classname="TestCal" time="0">
    <system-out><![CDATA[
Starting test cases
Building power true positive test cases
Ending test cases

]]></system-out>
  </testcase>
</testsuite>